<?xml version="1.0" encoding="UTF-8"?>
<!-- Generated by org.testng.reporters.JUnitReportReporter -->
<testsuite skipped="0" hostname="SYPUL5CD84774K4" name="annotations.HwdFilms" tests="3" failures="0" timestamp="07 Jul 2020 16:48:04 GMT" time="0.039" errors="0">
  <testcase name="Avengers" time="0.004" classname="annotations.HwdFilms"/>
  <testcase name="Titanic" time="0.004" classname="annotations.HwdFilms"/>
  <testcase name="Thor" time="0.031" classname="annotations.HwdFilms"/>
</testsuite> <!-- annotations.HwdFilms -->
