<?xml version="1.0" encoding="UTF-8"?>
<!-- Generated by org.testng.reporters.JUnitReportReporter -->
<testsuite skipped="2" hostname="SYPUL5CD84774K4" name="annotations.BwdMovies" tests="5" failures="0" timestamp="07 Jul 2020 16:48:04 GMT" time="0.004" errors="0">
  <testcase name="race" time="0.000" classname="annotations.BwdMovies"/>
  <testcase name="race" time="0.000" classname="annotations.BwdMovies"/>
  <testcase name="airLift" time="0.004" classname="annotations.BwdMovies"/>
  <testcase name="kesari" classname="annotations.BwdMovies">
    <skipped/>
  </testcase> <!-- kesari -->
  <testcase name="piku" classname="annotations.BwdMovies">
    <skipped/>
  </testcase> <!-- piku -->
</testsuite> <!-- annotations.BwdMovies -->
